<?xml version="1.0" encoding="UTF-8"?>
<testng-results skipped="0" failed="0" total="1" passed="1">
  <reporter-output>
  </reporter-output>
  <suite name="InetBankingV2" duration-ms="10571" started-at="2021-09-21T18:32:29Z" finished-at="2021-09-21T18:32:40Z">
    <groups>
    </groups>
    <test name="BankingApp Test" duration-ms="10571" started-at="2021-09-21T18:32:29Z" finished-at="2021-09-21T18:32:40Z">
      <class name="com.inetbanking.testCases.TC_AddNewCustomer_001">
        <test-method status="PASS" signature="setUp(java.lang.String)[pri:0, instance:com.inetbanking.testCases.TC_AddNewCustomer_001@1324409e]" name="setUp" is-config="true" duration-ms="3785" started-at="2021-09-22T00:02:29Z" finished-at="2021-09-22T00:02:33Z">
          <params>
            <param index="0">
              <value>
                <![CDATA[chrome]]>
              </value>
            </param>
          </params>
          <reporter-output>
          </reporter-output>
        </test-method> <!-- setUp -->
        <test-method status="PASS" signature="addNewCustomer()[pri:0, instance:com.inetbanking.testCases.TC_AddNewCustomer_001@1324409e]" name="addNewCustomer" duration-ms="5986" started-at="2021-09-22T00:02:33Z" finished-at="2021-09-22T00:02:39Z">
          <reporter-output>
          </reporter-output>
        </test-method> <!-- addNewCustomer -->
        <test-method status="PASS" signature="tearDown()[pri:0, instance:com.inetbanking.testCases.TC_AddNewCustomer_001@1324409e]" name="tearDown" is-config="true" duration-ms="630" started-at="2021-09-22T00:02:39Z" finished-at="2021-09-22T00:02:40Z">
          <reporter-output>
          </reporter-output>
        </test-method> <!-- tearDown -->
      </class> <!-- com.inetbanking.testCases.TC_AddNewCustomer_001 -->
    </test> <!-- BankingApp Test -->
  </suite> <!-- InetBankingV2 -->
</testng-results>
