<?xml version="1.0" encoding="UTF-8"?>
<testng-results skipped="0" failed="0" total="1" passed="1">
  <reporter-output>
  </reporter-output>
  <suite name="InetBankingV2" duration-ms="13847" started-at="2021-03-13T18:18:17Z" finished-at="2021-03-13T18:18:31Z">
    <groups>
    </groups>
    <test name="BankingApp Test" duration-ms="13847" started-at="2021-03-13T18:18:17Z" finished-at="2021-03-13T18:18:31Z">
      <class name="com.inetbanking.testCases.TC_AddNewCustomer_001">
        <test-method status="PASS" signature="setUp(java.lang.String)[pri:0, instance:com.inetbanking.testCases.TC_AddNewCustomer_001@77caeb3e]" name="setUp" is-config="true" duration-ms="6701" started-at="2021-03-13T23:48:17Z" finished-at="2021-03-13T23:48:24Z">
          <params>
            <param index="0">
              <value>
                <![CDATA[chrome]]>
              </value>
            </param>
          </params>
          <reporter-output>
          </reporter-output>
        </test-method> <!-- setUp -->
        <test-method status="PASS" signature="addNewCustomer()[pri:0, instance:com.inetbanking.testCases.TC_AddNewCustomer_001@77caeb3e]" name="addNewCustomer" duration-ms="6341" started-at="2021-03-13T23:48:24Z" finished-at="2021-03-13T23:48:30Z">
          <reporter-output>
          </reporter-output>
        </test-method> <!-- addNewCustomer -->
        <test-method status="PASS" signature="tearDown()[pri:0, instance:com.inetbanking.testCases.TC_AddNewCustomer_001@77caeb3e]" name="tearDown" is-config="true" duration-ms="625" started-at="2021-03-13T23:48:30Z" finished-at="2021-03-13T23:48:31Z">
          <reporter-output>
          </reporter-output>
        </test-method> <!-- tearDown -->
      </class> <!-- com.inetbanking.testCases.TC_AddNewCustomer_001 -->
    </test> <!-- BankingApp Test -->
  </suite> <!-- InetBankingV2 -->
</testng-results>
